{"failedCount":7,"prefixedPath":"classpath:Tests\/POSTdemo.feature","packageQualifiedName":"Tests.POSTdemo","loopIndex":-1,"relativePath":"Tests\/POSTdemo.feature","scenarioResults":[{"sectionIndex":0,"stepResults":[{"result":{"nanos":797378,"startTime":1701298572445,"endTime":1701298572446,"millis":0.797378,"status":"passed"},"step":{"background":true,"line":5,"prefix":"*","index":0,"text":"url 'https:\/\/reqres.in\/api'"}},{"result":{"nanos":742134,"startTime":1701298572446,"endTime":1701298572447,"millis":0.742134,"status":"passed"},"step":{"background":true,"line":6,"prefix":"*","index":1,"text":"header Accept = 'application\/json'"}},{"result":{"nanos":28628359,"startTime":1701298572447,"endTime":1701298572476,"millis":28.628359,"status":"passed"},"step":{"background":true,"line":7,"prefix":"*","index":2,"text":"def expectedOutput = read('response1.json')"}},{"result":{"nanos":769022,"startTime":1701298572476,"endTime":1701298572477,"millis":0.769022,"status":"passed"},"step":{"line":11,"prefix":"Given","index":0,"text":"url 'https:\/\/reqres.in\/api\/users'"}},{"result":{"nanos":1383066,"startTime":1701298572477,"endTime":1701298572478,"millis":1.383066,"status":"passed"},"step":{"line":12,"prefix":"And","index":1,"text":"request {   \"name\": \"Ivan\", \"job\": \"Test Engineer\"\t\t}"}},{"result":{"nanos":401005785,"errorMessage":"http call failed after 177 milliseconds for url: https:\/\/reqres.in\/api\/users\njava.net.SocketTimeoutException: Read timed out\nclasspath:Tests\/POSTdemo.feature:13","startTime":1701298572478,"endTime":1701298572879,"millis":401.005785,"status":"failed"},"step":{"line":13,"prefix":"When","index":2,"text":"method POST"},"stepLog":"16:56:12.714 request:\n1 > POST https:\/\/reqres.in\/api\/users\n1 > Accept: application\/json\n1 > Content-Type: application\/json; charset=UTF-8\n1 > Content-Length: 37\n1 > Host: reqres.in\n1 > Connection: Keep-Alive\n1 > User-Agent: Apache-HttpClient\/4.5.12 (Java\/17.0.9)\n1 > Accept-Encoding: gzip,deflate\n{\"name\":\"Ivan\",\"job\":\"Test Engineer\"}\n\n16:56:12.879 java.net.SocketTimeoutException: Read timed out, http call failed after 177 milliseconds for url: https:\/\/reqres.in\/api\/users\n16:56:12.879 classpath:Tests\/POSTdemo.feature:13\nWhen method POST\nhttp call failed after 177 milliseconds for url: https:\/\/reqres.in\/api\/users\njava.net.SocketTimeoutException: Read timed out\nclasspath:Tests\/POSTdemo.feature:13\n"},{"result":{"nanos":0,"startTime":1701298572879,"endTime":1701298572879,"millis":0.0,"status":"skipped"},"step":{"line":14,"prefix":"Then","index":3,"text":"status 201"}},{"result":{"nanos":0,"startTime":1701298572879,"endTime":1701298572879,"millis":0.0,"status":"skipped"},"step":{"line":15,"prefix":"And","index":4,"text":"print response"}}],"line":10,"description":"","durationMillis":433.325744,"failed":true,"error":"http call failed after 177 milliseconds for url: https:\/\/reqres.in\/api\/users\njava.net.SocketTimeoutException: Read timed out\nclasspath:Tests\/POSTdemo.feature:13","tags":["postdemo"],"executorName":"main","name":"Simple post scenario","startTime":1701298572439,"refId":"[1:10]","endTime":1701298572879,"exampleIndex":-1},{"sectionIndex":1,"stepResults":[{"result":{"nanos":299200,"startTime":1701298572892,"endTime":1701298572892,"millis":0.2992,"status":"passed"},"step":{"background":true,"line":5,"prefix":"*","index":0,"text":"url 'https:\/\/reqres.in\/api'"}},{"result":{"nanos":322178,"startTime":1701298572893,"endTime":1701298572893,"millis":0.322178,"status":"passed"},"step":{"background":true,"line":6,"prefix":"*","index":1,"text":"header Accept = 'application\/json'"}},{"result":{"nanos":2656134,"startTime":1701298572893,"endTime":1701298572896,"millis":2.656134,"status":"passed"},"step":{"background":true,"line":7,"prefix":"*","index":2,"text":"def expectedOutput = read('response1.json')"}},{"result":{"nanos":726978,"startTime":1701298572896,"endTime":1701298572897,"millis":0.726978,"status":"passed"},"step":{"line":19,"prefix":"Given","index":0,"text":"path '\/users'"}},{"result":{"nanos":1212933,"startTime":1701298572897,"endTime":1701298572898,"millis":1.212933,"status":"passed"},"step":{"line":20,"prefix":"And","index":1,"text":"request {   \"name\": \"Jorge\", \"job\": \"QA\"\t\t}"}},{"result":{"nanos":187503091,"errorMessage":"http call failed after 186 milliseconds for url: https:\/\/reqres.in\/api\/users\njava.net.SocketTimeoutException: Read timed out\nclasspath:Tests\/POSTdemo.feature:21","startTime":1701298572898,"endTime":1701298573086,"millis":187.503091,"status":"failed"},"step":{"line":21,"prefix":"When","index":2,"text":"method POST"},"stepLog":"16:56:12.903 request:\n1 > POST https:\/\/reqres.in\/api\/users\n1 > Accept: application\/json\n1 > Content-Type: application\/json; charset=UTF-8\n1 > Content-Length: 27\n1 > Host: reqres.in\n1 > Connection: Keep-Alive\n1 > User-Agent: Apache-HttpClient\/4.5.12 (Java\/17.0.9)\n1 > Accept-Encoding: gzip,deflate\n{\"name\":\"Jorge\",\"job\":\"QA\"}\n\n16:56:13.085 java.net.SocketTimeoutException: Read timed out, http call failed after 186 milliseconds for url: https:\/\/reqres.in\/api\/users\n16:56:13.086 classpath:Tests\/POSTdemo.feature:21\nWhen method POST\nhttp call failed after 186 milliseconds for url: https:\/\/reqres.in\/api\/users\njava.net.SocketTimeoutException: Read timed out\nclasspath:Tests\/POSTdemo.feature:21\n"},{"result":{"nanos":0,"startTime":1701298573086,"endTime":1701298573086,"millis":0.0,"status":"skipped"},"step":{"line":22,"prefix":"Then","index":3,"text":"status 201"}},{"result":{"nanos":0,"startTime":1701298573086,"endTime":1701298573086,"millis":0.0,"status":"skipped"},"step":{"line":23,"prefix":"And","index":4,"text":"print response"}}],"line":18,"description":"","durationMillis":192.720514,"failed":true,"error":"http call failed after 186 milliseconds for url: https:\/\/reqres.in\/api\/users\njava.net.SocketTimeoutException: Read timed out\nclasspath:Tests\/POSTdemo.feature:21","tags":["postdemo"],"executorName":"main","name":"post scenario with background","startTime":1701298572889,"refId":"[2:18]","endTime":1701298573086,"exampleIndex":-1},{"sectionIndex":2,"stepResults":[{"result":{"nanos":427289,"startTime":1701298573120,"endTime":1701298573120,"millis":0.427289,"status":"passed"},"step":{"background":true,"line":5,"prefix":"*","index":0,"text":"url 'https:\/\/reqres.in\/api'"}},{"result":{"nanos":363733,"startTime":1701298573121,"endTime":1701298573121,"millis":0.363733,"status":"passed"},"step":{"background":true,"line":6,"prefix":"*","index":1,"text":"header Accept = 'application\/json'"}},{"result":{"nanos":4282179,"startTime":1701298573121,"endTime":1701298573125,"millis":4.282179,"status":"passed"},"step":{"background":true,"line":7,"prefix":"*","index":2,"text":"def expectedOutput = read('response1.json')"}},{"result":{"nanos":163778,"startTime":1701298573126,"endTime":1701298573126,"millis":0.163778,"status":"passed"},"step":{"line":27,"prefix":"Given","index":0,"text":"path '\/users'"}},{"result":{"nanos":1210978,"startTime":1701298573127,"endTime":1701298573128,"millis":1.210978,"status":"passed"},"step":{"line":28,"prefix":"And","index":1,"text":"request {   \"name\": \"Jorge\", \"job\": \"QA\"\t\t}"}},{"result":{"nanos":271582212,"errorMessage":"http call failed after 271 milliseconds for url: https:\/\/reqres.in\/api\/users\njava.net.SocketTimeoutException: Read timed out\nclasspath:Tests\/POSTdemo.feature:29","startTime":1701298573128,"endTime":1701298573400,"millis":271.582212,"status":"failed"},"step":{"line":29,"prefix":"When","index":2,"text":"method POST"},"stepLog":"16:56:13.130 request:\n1 > POST https:\/\/reqres.in\/api\/users\n1 > Accept: application\/json\n1 > Content-Type: application\/json; charset=UTF-8\n1 > Content-Length: 27\n1 > Host: reqres.in\n1 > Connection: Keep-Alive\n1 > User-Agent: Apache-HttpClient\/4.5.12 (Java\/17.0.9)\n1 > Accept-Encoding: gzip,deflate\n{\"name\":\"Jorge\",\"job\":\"QA\"}\n\n16:56:13.399 java.net.SocketTimeoutException: Read timed out, http call failed after 271 milliseconds for url: https:\/\/reqres.in\/api\/users\n16:56:13.400 classpath:Tests\/POSTdemo.feature:29\nWhen method POST\nhttp call failed after 271 milliseconds for url: https:\/\/reqres.in\/api\/users\njava.net.SocketTimeoutException: Read timed out\nclasspath:Tests\/POSTdemo.feature:29\n"},{"result":{"nanos":0,"startTime":1701298573400,"endTime":1701298573400,"millis":0.0,"status":"skipped"},"step":{"line":30,"prefix":"Then","index":3,"text":"status 201"}},{"result":{"nanos":0,"startTime":1701298573400,"endTime":1701298573400,"millis":0.0,"status":"skipped"},"step":{"line":31,"prefix":"And","index":4,"text":"match response == { \"name\": \"Jorge\",\t\"job\": \"QA\",\t\"id\": \"#string\",\t\"createdAt\": \"#ignore\"\t}"}},{"result":{"nanos":0,"startTime":1701298573400,"endTime":1701298573400,"millis":0.0,"status":"skipped"},"step":{"line":32,"prefix":"And","index":5,"text":"print response"}}],"line":26,"description":"","durationMillis":278.030169,"failed":true,"error":"http call failed after 271 milliseconds for url: https:\/\/reqres.in\/api\/users\njava.net.SocketTimeoutException: Read timed out\nclasspath:Tests\/POSTdemo.feature:29","tags":["postdemo"],"executorName":"main","name":"post scenario with assertions","startTime":1701298573112,"refId":"[3:26]","endTime":1701298573400,"exampleIndex":-1},{"sectionIndex":3,"stepResults":[{"result":{"nanos":295778,"startTime":1701298573416,"endTime":1701298573416,"millis":0.295778,"status":"passed"},"step":{"background":true,"line":5,"prefix":"*","index":0,"text":"url 'https:\/\/reqres.in\/api'"}},{"result":{"nanos":276222,"startTime":1701298573416,"endTime":1701298573416,"millis":0.276222,"status":"passed"},"step":{"background":true,"line":6,"prefix":"*","index":1,"text":"header Accept = 'application\/json'"}},{"result":{"nanos":2295334,"startTime":1701298573416,"endTime":1701298573418,"millis":2.295334,"status":"passed"},"step":{"background":true,"line":7,"prefix":"*","index":2,"text":"def expectedOutput = read('response1.json')"}},{"result":{"nanos":165734,"startTime":1701298573419,"endTime":1701298573419,"millis":0.165734,"status":"passed"},"step":{"line":36,"prefix":"Given","index":0,"text":"path '\/users'"}},{"result":{"nanos":385245,"startTime":1701298573419,"endTime":1701298573419,"millis":0.385245,"status":"passed"},"step":{"line":37,"prefix":"And","index":1,"text":"request {   \"name\": \"Jorge\", \"job\": \"QA\"\t\t}"}},{"result":{"nanos":514579087,"errorMessage":"http call failed after 514 milliseconds for url: https:\/\/reqres.in\/api\/users\njava.net.SocketTimeoutException: Read timed out\nclasspath:Tests\/POSTdemo.feature:38","startTime":1701298573420,"endTime":1701298573935,"millis":514.579087,"status":"failed"},"step":{"line":38,"prefix":"When","index":2,"text":"method POST"},"stepLog":"16:56:13.423 request:\n1 > POST https:\/\/reqres.in\/api\/users\n1 > Accept: application\/json\n1 > Content-Type: application\/json; charset=UTF-8\n1 > Content-Length: 27\n1 > Host: reqres.in\n1 > Connection: Keep-Alive\n1 > User-Agent: Apache-HttpClient\/4.5.12 (Java\/17.0.9)\n1 > Accept-Encoding: gzip,deflate\n{\"name\":\"Jorge\",\"job\":\"QA\"}\n\n16:56:13.934 java.net.SocketTimeoutException: Read timed out, http call failed after 514 milliseconds for url: https:\/\/reqres.in\/api\/users\n16:56:13.934 classpath:Tests\/POSTdemo.feature:38\nWhen method POST\nhttp call failed after 514 milliseconds for url: https:\/\/reqres.in\/api\/users\njava.net.SocketTimeoutException: Read timed out\nclasspath:Tests\/POSTdemo.feature:38\n"},{"result":{"nanos":0,"startTime":1701298573934,"endTime":1701298573934,"millis":0.0,"status":"skipped"},"step":{"line":39,"prefix":"Then","index":3,"text":"status 201"}},{"result":{"nanos":0,"startTime":1701298573934,"endTime":1701298573934,"millis":0.0,"status":"skipped"},"step":{"line":40,"prefix":"And","index":4,"text":"match response == expectedOutput"}},{"result":{"nanos":0,"startTime":1701298573934,"endTime":1701298573934,"millis":0.0,"status":"skipped"},"step":{"line":41,"prefix":"And","index":5,"text":"print response"}}],"line":35,"description":"","durationMillis":517.9974,"failed":true,"error":"http call failed after 514 milliseconds for url: https:\/\/reqres.in\/api\/users\njava.net.SocketTimeoutException: Read timed out\nclasspath:Tests\/POSTdemo.feature:38","tags":["postdemo"],"executorName":"main","name":"post scenario with assertion from a readed file","startTime":1701298573414,"refId":"[4:35]","endTime":1701298573934,"exampleIndex":-1},{"sectionIndex":4,"stepResults":[{"result":{"nanos":297244,"startTime":1701298573958,"endTime":1701298573958,"millis":0.297244,"status":"passed"},"step":{"background":true,"line":5,"prefix":"*","index":0,"text":"url 'https:\/\/reqres.in\/api'"}},{"result":{"nanos":300178,"startTime":1701298573961,"endTime":1701298573961,"millis":0.300178,"status":"passed"},"step":{"background":true,"line":6,"prefix":"*","index":1,"text":"header Accept = 'application\/json'"}},{"result":{"nanos":4107156,"startTime":1701298573961,"endTime":1701298573965,"millis":4.107156,"status":"passed"},"step":{"background":true,"line":7,"prefix":"*","index":2,"text":"def expectedOutput = read('response1.json')"}},{"result":{"nanos":3319067,"startTime":1701298573966,"endTime":1701298573969,"millis":3.319067,"status":"passed"},"step":{"line":45,"prefix":"Given","index":0,"text":"path '\/users'"}},{"result":{"nanos":10219246,"startTime":1701298573969,"endTime":1701298573979,"millis":10.219246,"status":"passed"},"step":{"line":46,"prefix":"And","index":1,"text":"def projectPath = karate.properties['user.dir']"}},{"result":{"nanos":2590622,"startTime":1701298573979,"endTime":1701298573982,"millis":2.590622,"status":"passed"},"step":{"line":47,"prefix":"And","index":2,"text":"def filePath = projectPath+'\/src\/test\/java\/bodyRequests\/request2.json'"}},{"result":{"nanos":2843867,"startTime":1701298573982,"endTime":1701298573985,"millis":2.843867,"status":"passed"},"step":{"line":48,"prefix":"And","index":3,"text":"print filePath"},"stepLog":"16:56:13.985 [print] C:\\Users\\Ivan\\eclipse-workspace\\karateDemo\/src\/test\/java\/bodyRequests\/request2.json \n"},{"result":{"nanos":4723156,"startTime":1701298573985,"endTime":1701298573990,"millis":4.723156,"status":"passed"},"step":{"line":49,"prefix":"And","index":4,"text":"def requestBody = read('file:' + filePath)"}},{"result":{"nanos":28384893,"startTime":1701298573990,"endTime":1701298574018,"millis":28.384893,"status":"passed"},"step":{"line":50,"prefix":"And","index":5,"text":"set requestBody.job = 'Empleo modificado'"}},{"result":{"nanos":454667,"startTime":1701298574021,"endTime":1701298574021,"millis":0.454667,"status":"passed"},"step":{"line":51,"prefix":"And","index":6,"text":"request requestBody"}},{"result":{"nanos":169720732,"errorMessage":"http call failed after 167 milliseconds for url: https:\/\/reqres.in\/api\/users\njava.net.SocketTimeoutException: Read timed out\nclasspath:Tests\/POSTdemo.feature:52","startTime":1701298574021,"endTime":1701298574191,"millis":169.720732,"status":"failed"},"step":{"line":52,"prefix":"When","index":7,"text":"method POST"},"stepLog":"16:56:14.024 request:\n1 > POST https:\/\/reqres.in\/api\/users\n1 > Accept: application\/json\n1 > Content-Type: application\/json; charset=UTF-8\n1 > Content-Length: 53\n1 > Host: reqres.in\n1 > Connection: Keep-Alive\n1 > User-Agent: Apache-HttpClient\/4.5.12 (Java\/17.0.9)\n1 > Accept-Encoding: gzip,deflate\n{\"name\":\"Nombre de prueba\",\"job\":\"Empleo modificado\"}\n\n16:56:14.189 java.net.SocketTimeoutException: Read timed out, http call failed after 167 milliseconds for url: https:\/\/reqres.in\/api\/users\n16:56:14.192 classpath:Tests\/POSTdemo.feature:52\nWhen method POST\nhttp call failed after 167 milliseconds for url: https:\/\/reqres.in\/api\/users\njava.net.SocketTimeoutException: Read timed out\nclasspath:Tests\/POSTdemo.feature:52\n"},{"result":{"nanos":0,"startTime":1701298574192,"endTime":1701298574192,"millis":0.0,"status":"skipped"},"step":{"line":53,"prefix":"Then","index":8,"text":"status 201"}},{"result":{"nanos":0,"startTime":1701298574192,"endTime":1701298574192,"millis":0.0,"status":"skipped"},"step":{"line":54,"prefix":"And","index":9,"text":"print response"}}],"line":44,"description":"","durationMillis":226.960828,"failed":true,"error":"http call failed after 167 milliseconds for url: https:\/\/reqres.in\/api\/users\njava.net.SocketTimeoutException: Read timed out\nclasspath:Tests\/POSTdemo.feature:52","tags":["postdemo"],"executorName":"main","name":"post scenario reading body data from file and relative Path","startTime":1701298573954,"refId":"[5:44]","endTime":1701298574192,"exampleIndex":-1},{"sectionIndex":5,"stepResults":[{"result":{"nanos":272800,"startTime":1701298574237,"endTime":1701298574237,"millis":0.2728,"status":"passed"},"step":{"background":true,"line":5,"prefix":"*","index":0,"text":"url 'https:\/\/reqres.in\/api'"}},{"result":{"nanos":183333,"startTime":1701298574237,"endTime":1701298574237,"millis":0.183333,"status":"passed"},"step":{"background":true,"line":6,"prefix":"*","index":1,"text":"header Accept = 'application\/json'"}},{"result":{"nanos":2031333,"startTime":1701298574240,"endTime":1701298574242,"millis":2.031333,"status":"passed"},"step":{"background":true,"line":7,"prefix":"*","index":2,"text":"def expectedOutput = read('response1.json')"}},{"result":{"nanos":204844,"startTime":1701298574242,"endTime":1701298574242,"millis":0.204844,"status":"passed"},"step":{"line":58,"prefix":"Given","index":0,"text":"path '\/users'"}},{"result":{"nanos":2624845,"startTime":1701298574242,"endTime":1701298574245,"millis":2.624845,"status":"passed"},"step":{"line":59,"prefix":"And","index":1,"text":"def requestBody = read(\"request1.json\")"}},{"result":{"nanos":2091467,"startTime":1701298574245,"endTime":1701298574247,"millis":2.091467,"status":"passed"},"step":{"line":60,"prefix":"And","index":2,"text":"set requestBody.name = 'Jorge Ivan'"}},{"result":{"nanos":1301422,"startTime":1701298574247,"endTime":1701298574248,"millis":1.301422,"status":"passed"},"step":{"line":61,"prefix":"And","index":3,"text":"set requestBody.job = 'Computer systems engineer'"}},{"result":{"nanos":282578,"startTime":1701298574248,"endTime":1701298574248,"millis":0.282578,"status":"passed"},"step":{"line":62,"prefix":"And","index":4,"text":"request requestBody"}},{"result":{"nanos":242969008,"errorMessage":"http call failed after 241 milliseconds for url: https:\/\/reqres.in\/api\/users\njava.net.SocketTimeoutException: Read timed out\nclasspath:Tests\/POSTdemo.feature:63","startTime":1701298574249,"endTime":1701298574492,"millis":242.969008,"status":"failed"},"step":{"line":63,"prefix":"When","index":5,"text":"method POST"},"stepLog":"16:56:14.253 request:\n1 > POST https:\/\/reqres.in\/api\/users\n1 > Accept: application\/json\n1 > Content-Type: application\/json; charset=UTF-8\n1 > Content-Length: 55\n1 > Host: reqres.in\n1 > Connection: Keep-Alive\n1 > User-Agent: Apache-HttpClient\/4.5.12 (Java\/17.0.9)\n1 > Accept-Encoding: gzip,deflate\n{\"name\":\"Jorge Ivan\",\"job\":\"Computer systems engineer\"}\n\n16:56:14.492 java.net.SocketTimeoutException: Read timed out, http call failed after 241 milliseconds for url: https:\/\/reqres.in\/api\/users\n16:56:14.492 classpath:Tests\/POSTdemo.feature:63\nWhen method POST\nhttp call failed after 241 milliseconds for url: https:\/\/reqres.in\/api\/users\njava.net.SocketTimeoutException: Read timed out\nclasspath:Tests\/POSTdemo.feature:63\n"},{"result":{"nanos":0,"startTime":1701298574492,"endTime":1701298574492,"millis":0.0,"status":"skipped"},"step":{"line":64,"prefix":"Then","index":6,"text":"status 201"}},{"result":{"nanos":0,"startTime":1701298574492,"endTime":1701298574492,"millis":0.0,"status":"skipped"},"step":{"line":65,"prefix":"And","index":7,"text":"print response"}}],"line":57,"description":"","durationMillis":251.96163,"failed":true,"error":"http call failed after 241 milliseconds for url: https:\/\/reqres.in\/api\/users\njava.net.SocketTimeoutException: Read timed out\nclasspath:Tests\/POSTdemo.feature:63","tags":["postdemo"],"executorName":"main","name":"post reading body data from file and modifying request values","startTime":1701298574227,"refId":"[6:57]","endTime":1701298574492,"exampleIndex":-1},{"sectionIndex":6,"stepResults":[{"result":{"nanos":939156,"startTime":1701298574524,"endTime":1701298574525,"millis":0.939156,"status":"passed"},"step":{"background":true,"line":5,"prefix":"*","index":0,"text":"url 'https:\/\/reqres.in\/api'"}},{"result":{"nanos":218045,"startTime":1701298574525,"endTime":1701298574525,"millis":0.218045,"status":"passed"},"step":{"background":true,"line":6,"prefix":"*","index":1,"text":"header Accept = 'application\/json'"}},{"result":{"nanos":2366711,"startTime":1701298574525,"endTime":1701298574527,"millis":2.366711,"status":"passed"},"step":{"background":true,"line":7,"prefix":"*","index":2,"text":"def expectedOutput = read('response1.json')"}},{"result":{"nanos":161822,"startTime":1701298574528,"endTime":1701298574528,"millis":0.161822,"status":"passed"},"step":{"line":68,"prefix":"Given","index":0,"text":"path '\/users'"}},{"result":{"nanos":354934,"startTime":1701298574528,"endTime":1701298574528,"millis":0.354934,"status":"passed"},"step":{"line":69,"prefix":"And","index":1,"text":"request {   \"email\": \"test@mail.com\"\t\t}"}},{"result":{"nanos":218442917,"errorMessage":"http call failed after 218 milliseconds for url: https:\/\/reqres.in\/api\/users\njava.net.SocketTimeoutException: Read timed out\nclasspath:Tests\/POSTdemo.feature:70","startTime":1701298574529,"endTime":1701298574747,"millis":218.442917,"status":"failed"},"step":{"line":70,"prefix":"When","index":2,"text":"method POST"},"stepLog":"16:56:14.533 request:\n1 > POST https:\/\/reqres.in\/api\/users\n1 > Accept: application\/json\n1 > Content-Type: application\/json; charset=UTF-8\n1 > Content-Length: 25\n1 > Host: reqres.in\n1 > Connection: Keep-Alive\n1 > User-Agent: Apache-HttpClient\/4.5.12 (Java\/17.0.9)\n1 > Accept-Encoding: gzip,deflate\n{\"email\":\"test@mail.com\"}\n\n16:56:14.747 java.net.SocketTimeoutException: Read timed out, http call failed after 218 milliseconds for url: https:\/\/reqres.in\/api\/users\n16:56:14.747 classpath:Tests\/POSTdemo.feature:70\nWhen method POST\nhttp call failed after 218 milliseconds for url: https:\/\/reqres.in\/api\/users\njava.net.SocketTimeoutException: Read timed out\nclasspath:Tests\/POSTdemo.feature:70\n"},{"result":{"nanos":0,"startTime":1701298574748,"endTime":1701298574748,"millis":0.0,"status":"skipped"},"step":{"line":71,"prefix":"Then","index":3,"text":"status 201"}},{"result":{"nanos":0,"startTime":1701298574748,"endTime":1701298574748,"millis":0.0,"status":"skipped"},"step":{"line":72,"prefix":"And","index":4,"text":"print response"}}],"line":67,"description":"","durationMillis":222.483585,"failed":true,"error":"http call failed after 218 milliseconds for url: https:\/\/reqres.in\/api\/users\njava.net.SocketTimeoutException: Read timed out\nclasspath:Tests\/POSTdemo.feature:70","tags":["postdemo"],"executorName":"main","name":"post to sign up a user","startTime":1701298574519,"refId":"[7:67]","endTime":1701298574748,"exampleIndex":-1}],"callDepth":0,"name":"Post API demo","description":"","resultDate":"2023-11-29 04:56:14 p.Â m.","durationMillis":2123.47987,"passedCount":0}